2016-12-27 13:13:57 DEBUG DeDup:108 - This is debug : Integer Array with Java Stream Preserve Order and Filter Duplicates [1, 2, 34, 25, 45, 3, 26, 85, 4, 86, 43, 10000, 11, 16, 19, 18, 9, 20, 17, 8, 15, 6, 5, 10, 14, 12, 13, 7]
2016-12-27 13:13:57 INFO  DeDup:112 - This is info : Integer Array with Java Stream Preserve Order and Filter Duplicates [1, 2, 34, 25, 45, 3, 26, 85, 4, 86, 43, 10000, 11, 16, 19, 18, 9, 20, 17, 8, 15, 6, 5, 10, 14, 12, 13, 7]
2016-12-27 13:13:57 WARN  DeDup:115 - This is warn : Integer Array with Java Stream Preserve Order and Filter Duplicates [1, 2, 34, 25, 45, 3, 26, 85, 4, 86, 43, 10000, 11, 16, 19, 18, 9, 20, 17, 8, 15, 6, 5, 10, 14, 12, 13, 7]
2016-12-27 13:13:57 ERROR DeDup:116 - This is error : Integer Array with Java Stream Preserve Order and Filter Duplicates [1, 2, 34, 25, 45, 3, 26, 85, 4, 86, 43, 10000, 11, 16, 19, 18, 9, 20, 17, 8, 15, 6, 5, 10, 14, 12, 13, 7]
2016-12-27 13:13:57 FATAL DeDup:117 - This is fatal : Integer Array with Java Stream Preserve Order and Filter Duplicates [1, 2, 34, 25, 45, 3, 26, 85, 4, 86, 43, 10000, 11, 16, 19, 18, 9, 20, 17, 8, 15, 6, 5, 10, 14, 12, 13, 7]
2016-12-27 13:13:57 DEBUG DeDup:108 - This is debug : Integer Array remove duplicates with HashSet Order not preserved [1, 2, 3, 4, 5, 6, 7, 8, 9, 10, 11, 12, 13, 14, 15, 10000, 16, 17, 18, 19, 20, 85, 86, 25, 26, 34, 43, 45]
2016-12-27 13:13:57 INFO  DeDup:112 - This is info : Integer Array remove duplicates with HashSet Order not preserved [1, 2, 3, 4, 5, 6, 7, 8, 9, 10, 11, 12, 13, 14, 15, 10000, 16, 17, 18, 19, 20, 85, 86, 25, 26, 34, 43, 45]
2016-12-27 13:13:57 WARN  DeDup:115 - This is warn : Integer Array remove duplicates with HashSet Order not preserved [1, 2, 3, 4, 5, 6, 7, 8, 9, 10, 11, 12, 13, 14, 15, 10000, 16, 17, 18, 19, 20, 85, 86, 25, 26, 34, 43, 45]
2016-12-27 13:13:57 ERROR DeDup:116 - This is error : Integer Array remove duplicates with HashSet Order not preserved [1, 2, 3, 4, 5, 6, 7, 8, 9, 10, 11, 12, 13, 14, 15, 10000, 16, 17, 18, 19, 20, 85, 86, 25, 26, 34, 43, 45]
2016-12-27 13:13:57 FATAL DeDup:117 - This is fatal : Integer Array remove duplicates with HashSet Order not preserved [1, 2, 3, 4, 5, 6, 7, 8, 9, 10, 11, 12, 13, 14, 15, 10000, 16, 17, 18, 19, 20, 85, 86, 25, 26, 34, 43, 45]
2016-12-27 13:13:57 DEBUG DeDup:108 - This is debug : "Integer Array using LinkedHashSet to preserve order and remove Duplicates "+Arrays.toString(removeDuplicatesAndPreserveOrdertWithLinkedHashSet(randomIntegers))
2016-12-27 13:13:57 INFO  DeDup:112 - This is info : "Integer Array using LinkedHashSet to preserve order and remove Duplicates "+Arrays.toString(removeDuplicatesAndPreserveOrdertWithLinkedHashSet(randomIntegers))
2016-12-27 13:13:57 WARN  DeDup:115 - This is warn : "Integer Array using LinkedHashSet to preserve order and remove Duplicates "+Arrays.toString(removeDuplicatesAndPreserveOrdertWithLinkedHashSet(randomIntegers))
2016-12-27 13:13:57 ERROR DeDup:116 - This is error : "Integer Array using LinkedHashSet to preserve order and remove Duplicates "+Arrays.toString(removeDuplicatesAndPreserveOrdertWithLinkedHashSet(randomIntegers))
2016-12-27 13:13:57 FATAL DeDup:117 - This is fatal : "Integer Array using LinkedHashSet to preserve order and remove Duplicates "+Arrays.toString(removeDuplicatesAndPreserveOrdertWithLinkedHashSet(randomIntegers))
2016-12-27 13:20:29 DEBUG DeDup:108 - This is debug : Integer Array with Java Stream Preserve Order and Filter Duplicates [1, 2, 34, 25, 45, 3, 26, 85, 4, 86, 43, 10000, 11, 16, 19, 18, 9, 20, 17, 8, 15, 6, 5, 10, 14, 12, 13, 7]
2016-12-27 13:20:29 INFO  DeDup:112 - This is info : Integer Array with Java Stream Preserve Order and Filter Duplicates [1, 2, 34, 25, 45, 3, 26, 85, 4, 86, 43, 10000, 11, 16, 19, 18, 9, 20, 17, 8, 15, 6, 5, 10, 14, 12, 13, 7]
2016-12-27 13:20:29 WARN  DeDup:115 - This is warn : Integer Array with Java Stream Preserve Order and Filter Duplicates [1, 2, 34, 25, 45, 3, 26, 85, 4, 86, 43, 10000, 11, 16, 19, 18, 9, 20, 17, 8, 15, 6, 5, 10, 14, 12, 13, 7]
2016-12-27 13:20:29 ERROR DeDup:116 - This is error : Integer Array with Java Stream Preserve Order and Filter Duplicates [1, 2, 34, 25, 45, 3, 26, 85, 4, 86, 43, 10000, 11, 16, 19, 18, 9, 20, 17, 8, 15, 6, 5, 10, 14, 12, 13, 7]
2016-12-27 13:20:29 FATAL DeDup:117 - This is fatal : Integer Array with Java Stream Preserve Order and Filter Duplicates [1, 2, 34, 25, 45, 3, 26, 85, 4, 86, 43, 10000, 11, 16, 19, 18, 9, 20, 17, 8, 15, 6, 5, 10, 14, 12, 13, 7]
2016-12-27 13:20:29 DEBUG DeDup:108 - This is debug : Integer Array remove duplicates with HashSet Order not preserved [1, 2, 3, 4, 5, 6, 7, 8, 9, 10, 11, 12, 13, 14, 15, 10000, 16, 17, 18, 19, 20, 85, 86, 25, 26, 34, 43, 45]
2016-12-27 13:20:29 INFO  DeDup:112 - This is info : Integer Array remove duplicates with HashSet Order not preserved [1, 2, 3, 4, 5, 6, 7, 8, 9, 10, 11, 12, 13, 14, 15, 10000, 16, 17, 18, 19, 20, 85, 86, 25, 26, 34, 43, 45]
2016-12-27 13:20:29 WARN  DeDup:115 - This is warn : Integer Array remove duplicates with HashSet Order not preserved [1, 2, 3, 4, 5, 6, 7, 8, 9, 10, 11, 12, 13, 14, 15, 10000, 16, 17, 18, 19, 20, 85, 86, 25, 26, 34, 43, 45]
2016-12-27 13:20:29 ERROR DeDup:116 - This is error : Integer Array remove duplicates with HashSet Order not preserved [1, 2, 3, 4, 5, 6, 7, 8, 9, 10, 11, 12, 13, 14, 15, 10000, 16, 17, 18, 19, 20, 85, 86, 25, 26, 34, 43, 45]
2016-12-27 13:20:29 FATAL DeDup:117 - This is fatal : Integer Array remove duplicates with HashSet Order not preserved [1, 2, 3, 4, 5, 6, 7, 8, 9, 10, 11, 12, 13, 14, 15, 10000, 16, 17, 18, 19, 20, 85, 86, 25, 26, 34, 43, 45]
2016-12-27 13:20:29 DEBUG DeDup:108 - This is debug : "Integer Array using LinkedHashSet to preserve order and remove Duplicates "+Arrays.toString(removeDuplicatesAndPreserveOrdertWithLinkedHashSet(randomIntegers))
2016-12-27 13:20:29 INFO  DeDup:112 - This is info : "Integer Array using LinkedHashSet to preserve order and remove Duplicates "+Arrays.toString(removeDuplicatesAndPreserveOrdertWithLinkedHashSet(randomIntegers))
2016-12-27 13:20:29 WARN  DeDup:115 - This is warn : "Integer Array using LinkedHashSet to preserve order and remove Duplicates "+Arrays.toString(removeDuplicatesAndPreserveOrdertWithLinkedHashSet(randomIntegers))
2016-12-27 13:20:29 ERROR DeDup:116 - This is error : "Integer Array using LinkedHashSet to preserve order and remove Duplicates "+Arrays.toString(removeDuplicatesAndPreserveOrdertWithLinkedHashSet(randomIntegers))
2016-12-27 13:20:29 FATAL DeDup:117 - This is fatal : "Integer Array using LinkedHashSet to preserve order and remove Duplicates "+Arrays.toString(removeDuplicatesAndPreserveOrdertWithLinkedHashSet(randomIntegers))
2016-12-27 13:21:12 DEBUG DeDup:108 - This is debug : Integer Array with Java Stream Preserve Order and Filter Duplicates [1, 2, 34, 25, 45, 3, 26, 85, 4, 86, 43, 10000, 11, 16, 19, 18, 9, 20, 17, 8, 15, 6, 5, 10, 14, 12, 13, 7]
2016-12-27 13:21:12 INFO  DeDup:112 - This is info : Integer Array with Java Stream Preserve Order and Filter Duplicates [1, 2, 34, 25, 45, 3, 26, 85, 4, 86, 43, 10000, 11, 16, 19, 18, 9, 20, 17, 8, 15, 6, 5, 10, 14, 12, 13, 7]
2016-12-27 13:21:12 DEBUG DeDup:108 - This is debug : Integer Array remove duplicates with HashSet Order not preserved [1, 2, 3, 4, 5, 6, 7, 8, 9, 10, 11, 12, 13, 14, 15, 10000, 16, 17, 18, 19, 20, 85, 86, 25, 26, 34, 43, 45]
2016-12-27 13:21:12 INFO  DeDup:112 - This is info : Integer Array remove duplicates with HashSet Order not preserved [1, 2, 3, 4, 5, 6, 7, 8, 9, 10, 11, 12, 13, 14, 15, 10000, 16, 17, 18, 19, 20, 85, 86, 25, 26, 34, 43, 45]
2016-12-27 13:21:12 DEBUG DeDup:108 - This is debug : "Integer Array using LinkedHashSet to preserve order and remove Duplicates "+Arrays.toString(removeDuplicatesAndPreserveOrdertWithLinkedHashSet(randomIntegers))
2016-12-27 13:21:12 INFO  DeDup:112 - This is info : "Integer Array using LinkedHashSet to preserve order and remove Duplicates "+Arrays.toString(removeDuplicatesAndPreserveOrdertWithLinkedHashSet(randomIntegers))
2016-12-27 13:29:48 DEBUG DeDup:107 - This is debug : Integer Array with Java Stream Preserve Order and Filter Duplicates null
2016-12-27 13:29:48 INFO  DeDup:111 - This is info : Integer Array with Java Stream Preserve Order and Filter Duplicates null
2016-12-27 13:36:16 INFO  DeDup:115 - This is info : Integer Array with Java Stream Preserve Order and Filter Duplicates [1, 2, 34, 25, 45, 3, 26, 85, 4, 86, 43, 10000, 11, 16, 19, 18, 9, 20, 17, 8, 15, 6, 5, 10, 14, 12, 13, 7]
2016-12-27 13:36:17 INFO  DeDup:115 - This is info : Integer Array remove duplicates with HashSet Order not preserved [1, 2, 3, 4, 5, 6, 7, 8, 9, 10, 11, 12, 13, 14, 15, 10000, 16, 17, 18, 19, 20, 85, 86, 25, 26, 34, 43, 45]
2016-12-27 13:36:17 INFO  DeDup:115 - This is info : Integer Array using LinkedHashSet to preserve order and remove Duplicates[1, 2, 34, 25, 45, 3, 26, 85, 4, 86, 43, 10000, 11, 16, 19, 18, 9, 20, 17, 8, 15, 6, 5, 10, 14, 12, 13, 7]
2016-12-27 13:40:51 DEBUG DeDup:111 - This is debug : Integer Array with Java Stream Preserve Order and Filter Duplicates [1, 2, 34, 25, 45, 3, 26, 85, 4, 86, 43, 10000, 11, 16, 19, 18, 9, 20, 17, 8, 15, 6, 5, 10, 14, 12, 13, 7]
2016-12-27 13:40:51 INFO  DeDup:115 - This is info : Integer Array with Java Stream Preserve Order and Filter Duplicates [1, 2, 34, 25, 45, 3, 26, 85, 4, 86, 43, 10000, 11, 16, 19, 18, 9, 20, 17, 8, 15, 6, 5, 10, 14, 12, 13, 7]
2016-12-27 13:40:51 DEBUG DeDup:111 - This is debug : Integer Array remove duplicates with HashSet Order not preserved [1, 2, 3, 4, 5, 6, 7, 8, 9, 10, 11, 12, 13, 14, 15, 10000, 16, 17, 18, 19, 20, 85, 86, 25, 26, 34, 43, 45]
2016-12-27 13:40:51 INFO  DeDup:115 - This is info : Integer Array remove duplicates with HashSet Order not preserved [1, 2, 3, 4, 5, 6, 7, 8, 9, 10, 11, 12, 13, 14, 15, 10000, 16, 17, 18, 19, 20, 85, 86, 25, 26, 34, 43, 45]
2016-12-27 13:40:51 DEBUG DeDup:111 - This is debug : Integer Array using LinkedHashSet to preserve order and remove Duplicates[1, 2, 34, 25, 45, 3, 26, 85, 4, 86, 43, 10000, 11, 16, 19, 18, 9, 20, 17, 8, 15, 6, 5, 10, 14, 12, 13, 7]
2016-12-27 13:40:51 INFO  DeDup:115 - This is info : Integer Array using LinkedHashSet to preserve order and remove Duplicates[1, 2, 34, 25, 45, 3, 26, 85, 4, 86, 43, 10000, 11, 16, 19, 18, 9, 20, 17, 8, 15, 6, 5, 10, 14, 12, 13, 7]
